[0mGET / [32m200[0m 6.861 ms - 44[0m
[0mGET /favicon.ico [33m404[0m 1.002 ms - 36[0m
[0mGET /api/v1/docs [36m301[0m 2.942 ms - 189[0m
[0mGET /api/v1/docs/ [32m200[0m 1.261 ms - 3106[0m
[0mGET /api/v1/docs/swagger-ui-init.js [32m200[0m 0.246 ms - 1721[0m
[0mGET /api/v1/docs/swagger-ui.css [32m200[0m 7.008 ms - 144598[0m
[0mGET /api/v1/docs/swagger-ui-standalone-preset.js [32m200[0m 4.418 ms - 322863[0m
[0mGET /api/v1/docs/swagger-ui-bundle.js [32m200[0m 6.816 ms - 1069712[0m
[0mGET /api/v1/docs/favicon-32x32.png [32m200[0m 1.442 ms - 628[0m
[0mGET / [32m200[0m 5.597 ms - 44[0m
[0mGET /favicon.ico [33m404[0m 1.659 ms - 36[0m
[0mGET / [36m304[0m 1.722 ms - -[0m
[0mGET /api [33m404[0m 0.776 ms - 36[0m
[0mGET /api-docs [33m404[0m 2.950 ms - 36[0m
[0mGET /api-docs [33m404[0m 0.581 ms - 36[0m
[0mGET /api-docs [33m404[0m 0.500 ms - 36[0m
[0mGET /createClient [33m404[0m 0.993 ms - 36[0m
[0mGET /createClient [33m404[0m 3.439 ms - 36[0m
[0mGET /api/createClient [33m404[0m 1.020 ms - 36[0m
[0mPOST /createClient [33m404[0m 34.979 ms - 36[0m
[0mPOST /api/createClient [33m404[0m 1.939 ms - 36[0m
[0mPOST /createClient [33m400[0m 3.458 ms - 68[0m
[0mPOST /createClient [33m400[0m 2.092 ms - 68[0m
[0mPOST /createClient [33m404[0m 1.861 ms - 36[0m
[0mPOST /createClient [33m404[0m 2.521 ms - 36[0m
[0mPOST /createClient [33m404[0m 1.035 ms - 36[0m
[0mPOST /createClient [33m404[0m 1.181 ms - 36[0m
[0mPOST /createClient [33m404[0m 1.031 ms - 36[0m
[0mPOST /api/createClient [33m404[0m 1.376 ms - 36[0m
[0mPOST /api/createClient [33m404[0m 1.474 ms - 36[0m
[0mPOST /api/createClient [33m404[0m 0.938 ms - 36[0m
[0mPOST /api/createClient [33m404[0m 1.472 ms - 36[0m
[0mPOST /api/createClient [33m404[0m 1.490 ms - 36[0m
[0mPOST /api/createClient [33m400[0m 1.750 ms - 68[0m
[0mPOST /api/createClient [33m404[0m 1.337 ms - 36[0m
[0mPOST /api/createClient [33m404[0m 0.715 ms - 36[0m
[0mPOST /api/createClient [33m404[0m 1.738 ms - 36[0m
[0mPOST /api/createClient [33m404[0m 1.353 ms - 36[0m
[0mPOST /api/createClient [33m404[0m 0.518 ms - 36[0m
[0mPOST /api/createClient [33m404[0m 0.807 ms - 36[0m
[0mPOST /api/createClient [33m404[0m 1.453 ms - 36[0m
[0mPOST /api/createClient [33m404[0m 0.595 ms - 36[0m
[0mPOST /api/createClient [33m404[0m 1.118 ms - 36[0m
[0mPOST /api/createClient [33m404[0m 0.956 ms - 36[0m
[0mPOST /api/createClient [33m404[0m 0.773 ms - 36[0m
[0mPOST /api/createClient [33m404[0m 0.596 ms - 36[0m
[0mPOST /api/createClient [33m404[0m 1.257 ms - 36[0m
[0mPOST /api/createClient [33m404[0m 0.806 ms - 36[0m
[0mPOST /api/createClient [33m404[0m 0.955 ms - 36[0m
[0mPOST /api/createClient [33m404[0m 0.872 ms - 36[0m
[0mPOST /api/createClient [33m404[0m 0.830 ms - 36[0m
[0mPOST /api/createClient [33m404[0m 1.109 ms - 36[0m
[0mPOST /api/createClient [33m404[0m 27.994 ms - 36[0m
[0mPOST /api/createClient [33m404[0m 6.595 ms - 36[0m
[0mPOST /api/createClient [33m404[0m 1.434 ms - 36[0m
[0mPOST /api/createClient [33m404[0m 2.536 ms - 36[0m
[0mPOST /api/createClient [33m404[0m 25.349 ms - 36[0m
[0mPOST /api/createClient [33m404[0m 7.202 ms - 36[0m
[0mPOST /api/createClient [33m404[0m 2.871 ms - 36[0m
[0mGET /api/getClients [33m404[0m 4.167 ms - 36[0m
[0mGET /api/getClients [33m404[0m 3.689 ms - 36[0m
[0mGET /api/getClients [33m404[0m 1.516 ms - 36[0m
[0mGET /api/getClients [33m404[0m 2.925 ms - 36[0m
[0mGET /getClients [33m404[0m 0.730 ms - 36[0m
[0mGET /getClients [33m404[0m 0.654 ms - 36[0m
[0mGET /getClients [33m404[0m 3.656 ms - 36[0m
[0mGET /getClients [33m404[0m 0.864 ms - 36[0m
[0mGET /getClients [33m404[0m 0.638 ms - 36[0m
[0mGET /api/getClients [33m404[0m 0.837 ms - 36[0m
[0mGET /api/getClients [33m404[0m 0.419 ms - 36[0m
[0mGET /api/getCl [33m404[0m 0.310 ms - 36[0m
[0mGET /api/getCl [33m404[0m 0.562 ms - 36[0m
[0mGET /api/getCl [33m404[0m 0.461 ms - 36[0m
[0mGET /api/getCl [33m404[0m 0.843 ms - 36[0m
[0mGET /api/getCl [33m404[0m 0.926 ms - 36[0m
[0mGET /api/getCl [33m404[0m 0.333 ms - 36[0m
[0mGET /api/getCl [33m404[0m 0.496 ms - 36[0m
[0mGET /api/getCl [33m404[0m 0.734 ms - 36[0m
[0mGET /get [33m404[0m 0.324 ms - 36[0m
[0mGET /get [33m404[0m 0.597 ms - 36[0m
[0mPOST /api/createClient [33m404[0m 17.505 ms - 36[0m
[0mPOST /api/createClient [33m404[0m 1.542 ms - 36[0m
[0mPOST /api/createClient [33m404[0m 1.265 ms - 36[0m
[0mPOST /createClient [33m404[0m 0.943 ms - 36[0m
[0mPOST /createClient [33m404[0m 0.652 ms - 36[0m
[0mGET /createClient [33m404[0m 0.919 ms - 36[0m
[0mGET /favicon.ico [33m404[0m 0.579 ms - 36[0m
[0mGET / [32m200[0m 1.464 ms - 44[0m
[0mGET /Clients [33m404[0m 4.036 ms - 36[0m
[0mGET /Clients [33m404[0m 4.464 ms - 36[0m
[0mGET /Clients [33m404[0m 0.685 ms - 36[0m
[0mGET /Clients [33m404[0m 0.442 ms - 36[0m
[0mGET /Clients [32m200[0m 5.013 ms - 54[0m
[0mGET /Clients [33m404[0m 3.600 ms - 36[0m
[0mGET /Clients [33m404[0m 1.263 ms - 36[0m
[0mGET /Clients [33m404[0m 6.042 ms - 36[0m
[0mGET /Clients [33m404[0m 1.121 ms - 36[0m
[0mGET /Clients [33m404[0m 5.421 ms - 36[0m
[0mGET /Clients [33m404[0m 1.050 ms - 36[0m
[0mGET /api/Clients [33m404[0m 0.684 ms - 36[0m
[0mGET /api/Clients [33m404[0m 0.546 ms - 36[0m
[0mGET /api/Clients [33m404[0m 0.905 ms - 36[0m
[0mGET /api/Clients [33m404[0m 0.571 ms - 36[0m
[0mGET /api/Clients [33m404[0m 0.455 ms - 36[0m
[0mGET /api/getClients [33m404[0m 5.614 ms - 36[0m
[0mGET /api/getClients [33m404[0m 1.586 ms - 36[0m
[0mGET /getClients [31m500[0m 0.603 ms - 48[0m
[0mGET /getClients [33m404[0m 3.671 ms - 36[0m
[0mGET /api/getClients [33m404[0m 0.968 ms - 36[0m
[0mGET /api/clients [33m404[0m 4.046 ms - 36[0m
[0mGET /api/clients [33m404[0m 1.346 ms - 36[0m
[0mGET /api/clients [33m404[0m 0.575 ms - 36[0m
[0mGET /clients [33m404[0m 1.163 ms - 36[0m
[0mGET /clients [33m404[0m 1.339 ms - 36[0m
[0mGET /clients [33m404[0m 0.877 ms - 36[0m
[0mGET /clients [33m404[0m 0.515 ms - 36[0m
[0mGET /clientsget [33m404[0m 0.466 ms - 36[0m
[0mGET /clientsget [33m404[0m 0.561 ms - 36[0m
[0mGET /clientsget [33m404[0m 5.571 ms - 36[0m
[0mGET /clientsget [33m404[0m 1.211 ms - 36[0m
[0mGET /clients/clients [32m200[0m 1.006 ms - 54[0m
[0mGET /clients/clients [32m200[0m 0.567 ms - 54[0m
[0mGET /clients/get [32m200[0m 4.659 ms - 54[0m
[0mGET /clients/get [32m200[0m 1.317 ms - 54[0m
[0mPOST /clients/get [33m404[0m 25.514 ms - 36[0m
[0mGET /clients/get [32m200[0m 1.000 ms - 54[0m
[0mPOST /clients/create [32m200[0m 2196.283 ms - 64[0m
[0mPOST /clients/create [31m500[0m 4147.203 ms - 372[0m
[0mPOST /clients/create [31m500[0m 2445.866 ms - 372[0m
[0mPOST /clients/create [32m200[0m 555.252 ms - 65[0m
[0mPOST /clients/add [33m404[0m 19.090 ms - 36[0m
[0mPOST /clients/add [33m404[0m 2.154 ms - 36[0m
[0mPOST /client/add [33m404[0m 19.534 ms - 36[0m
[0mPOST /client/add [33m404[0m 2.915 ms - 36[0m
[0mPOST /client/add [33m404[0m 23.764 ms - 36[0m
[0mPOST /client/add [32m200[0m 3640.817 ms - 65[0m
[0mPOST /client/get [33m404[0m 25.543 ms - 36[0m
[0mGET /client/get [32m200[0m 1596.877 ms - 266[0m
[0mGET /client/get [32m200[0m 2126.035 ms - 266[0m
[0mPUT /client/update [33m404[0m 4.657 ms - 36[0m
[0mGET /client/get [33m404[0m 5.115 ms - 36[0m
[0mGET /client/get [33m404[0m 1.584 ms - 36[0m
[0mGET /client/get [32m200[0m 2677.750 ms - 266[0m
[0mGET /client/get [32m200[0m 1416.020 ms - 266[0m
[0mGET /client/get [32m200[0m 2888.493 ms - 266[0m
[0mGET /client/get [32m200[0m 3673.465 ms - 266[0m
[0mPUT /client/update/%7B1%7D [33m400[0m 18.948 ms - 67[0m
[0mPUT /client/update/%7B1%7D [33m400[0m 1.727 ms - 67[0m
[0mPUT /client/update/%7B1%7D [33m404[0m 1.556 ms - 36[0m
[0mPUT /client/update/%7B1%7D [33m404[0m 1.345 ms - 36[0m
[0mPUT /client/update:1 [31m500[0m 2288.656 ms - 705[0m
[0mPUT /client/update:1 [31m500[0m 1370.037 ms - 705[0m
[0mPUT /client/update/1 [33m404[0m 0.757 ms - 36[0m
[0mPUT /client/update/1 [33m404[0m 0.968 ms - 36[0m
[0mPUT /client/update/1 [32m200[0m 2032.694 ms - 94[0m
[0mPUT /client/update/1 [32m200[0m 450.358 ms - 94[0m
[0mPUT /client/update/1 [32m200[0m 3057.842 ms - 94[0m
[0mPUT /client/update/1 [32m200[0m 2811.631 ms - 94[0m
[0mDELETE /client/delete/1 [32m200[0m 3056.266 ms - 121[0m
[0mGET / [32m200[0m 5.236 ms - 44[0m
[0mGET / [32m200[0m 3.450 ms - 44[0m
[0mGET /client/get [32m200[0m 219.519 ms - 226[0m
[0mPUT /client/update/undefined [31m500[0m 8.934 ms - 1292[0m
[0mDELETE /client/delete/undefined [31m500[0m 5.942 ms - 487[0m
[0mGET /client/get [32m200[0m 216.350 ms - 226[0m
[0mPUT /client/update/undefined [31m500[0m 5.172 ms - 1292[0m
[0mDELETE /client/delete/undefined [31m500[0m 4.836 ms - 487[0m
[0mGET /client/get [32m200[0m 185.539 ms - 226[0m
[0mPUT /client/update/undefined [31m500[0m 6.610 ms - 1292[0m
[0mDELETE /client/delete/undefined [31m500[0m 4.496 ms - 487[0m
[0mGET /client/get [32m200[0m 207.044 ms - 226[0m
[0mPUT /client/update/undefined [31m500[0m 8.465 ms - 1292[0m
[0mDELETE /client/delete/undefined [31m500[0m 3.494 ms - 487[0m
[0mGET /client/get [32m200[0m 195.749 ms - 226[0m
[0mPUT /client/update/undefined [31m500[0m 5.961 ms - 1292[0m
[0mDELETE /client/delete/undefined [31m500[0m 3.244 ms - 487[0m
[0mGET /client/get [32m200[0m 530.578 ms - 226[0m
[0mPUT /client/update/undefined [31m500[0m 5.265 ms - 1292[0m
[0mDELETE /client/delete/undefined [31m500[0m 4.084 ms - 487[0m
[0mPOST /client/add [31m500[0m 1407.384 ms - 862[0m
[0mGET /client/get [32m200[0m 176.350 ms - 226[0m
[0mPUT /client/update/undefined [31m500[0m 8.345 ms - 1294[0m
[0mDELETE /client/delete/undefined [31m500[0m 4.241 ms - 487[0m
[0mPOST /client/add [31m500[0m 1453.663 ms - 880[0m
[0mGET /client/get [32m200[0m 240.914 ms - 226[0m
[0mPUT /client/update/undefined [31m500[0m 6.744 ms - 1294[0m
[0mDELETE /client/delete/undefined [31m500[0m 5.664 ms - 487[0m
[0mGET /client/get [32m200[0m 1768.399 ms - 226[0m
[0mPUT /client/update/undefined [31m500[0m 39.163 ms - 1294[0m
[0mDELETE /client/delete/undefined [31m500[0m 5.345 ms - 487[0m
[0mPOST /client/add [31m500[0m 2230.248 ms - 880[0m
[0mGET /client/get [32m200[0m 211.531 ms - 226[0m
[0mPUT /client/update/undefined [31m500[0m 14.328 ms - 1294[0m
[0mDELETE /client/delete/undefined [31m500[0m 3.490 ms - 487[0m
[0mPOST /client/add [31m500[0m 1432.369 ms - 880[0m
[0mGET /client/get [32m200[0m 192.914 ms - 226[0m
[0mPUT /client/update/undefined [31m500[0m 5.531 ms - 1294[0m
[0mDELETE /client/delete/undefined [31m500[0m 3.545 ms - 487[0m
[0mPOST /client/add [31m500[0m 1415.536 ms - 878[0m
[0mGET /client/get [32m200[0m 175.651 ms - 226[0m
[0mPUT /client/update/undefined [31m500[0m 6.948 ms - 1294[0m
[0mDELETE /client/delete/undefined [31m500[0m 2.680 ms - 487[0m
[0mPOST /client/add [31m500[0m 2296.100 ms - 878[0m
[0mGET /client/get [32m200[0m 192.867 ms - 226[0m
[0mPUT /client/update/undefined [31m500[0m 8.845 ms - 1294[0m
[0mDELETE /client/delete/undefined [31m500[0m 4.118 ms - 487[0m
[0mPOST /client/add [31m500[0m 1374.959 ms - 878[0m
[0mPOST /client/put [33m404[0m 23.126 ms - 36[0m
[0mPOST /client/add [31m500[0m 1528.905 ms - 878[0m
[0mPOST /client/add [31m500[0m 492.048 ms - 878[0m
[0mPOST /client/add [32m200[0m 652.454 ms - 69[0m
[0mPOST /client/add [31m500[0m 1846.953 ms - 369[0m
[0mPOST /client/add [31m500[0m 2376.751 ms - 627[0m
[0mPOST /client/add [31m500[0m 3540.344 ms - 627[0m
[0mPOST /client/add [31m500[0m 2157.297 ms - 369[0m
[0mPOST /client/add [31m500[0m 3199.171 ms - 369[0m
[0mPOST /client/add [31m500[0m 1730.280 ms - 369[0m
[0mPOST /client/add [32m200[0m 2002.575 ms - 68[0m
[0mGET /client/get [32m200[0m 510.983 ms - 365[0m
[0mPUT /client/update/undefined [31m500[0m 13.094 ms - 1294[0m
[0mDELETE /client/delete/undefined [31m500[0m 3.006 ms - 487[0m
[0mPOST /client/add [32m200[0m 3595.329 ms - 70[0m
[0mGET /client/get [32m200[0m 208.311 ms - 405[0m
[0mPUT /client/update/16 [31m500[0m 16.751 ms - 1178[0m
[0mDELETE /client/delete/16 [32m200[0m 733.765 ms - 125[0m
[0mPOST /client/add [32m200[0m 2319.195 ms - 70[0m
[0mGET /client/get [32m200[0m 200.591 ms - 405[0m
[0mPUT /client/update/17 [31m500[0m 16.228 ms - 1178[0m
[0mDELETE /client/delete/17 [32m200[0m 784.391 ms - 125[0m
[0mPOST /client/add [32m200[0m 1822.712 ms - 71[0m
[0mGET /client/get [32m200[0m 180.387 ms - 406[0m
[0mPUT /client/update/18 [31m500[0m 15.635 ms - 1178[0m
[0mDELETE /client/delete/18 [32m200[0m 772.806 ms - 126[0m
[0mPOST /client/add [32m200[0m 2999.069 ms - 71[0m
[0mGET /client/get [32m200[0m 185.615 ms - 406[0m
[0mPUT /client/update/19 [31m500[0m 20.226 ms - 1178[0m
[0mDELETE /client/delete/19 [32m200[0m 724.549 ms - 126[0m
[0mPOST /client/add [32m200[0m 3617.952 ms - 71[0m
[0mGET /client/get [32m200[0m 177.928 ms - 406[0m
[0mPUT /client/update/20 [31m500[0m 487.744 ms - 697[0m
[0mDELETE /client/delete/20 [32m200[0m 758.871 ms - 126[0m
[0mPOST /client/add [32m200[0m 2120.409 ms - 71[0m
[0mGET /client/get [32m200[0m 174.081 ms - 406[0m
[0mPUT /client/update/2 [31m500[0m 467.593 ms - 697[0m
[0mDELETE /client/delete/21 [32m200[0m 609.934 ms - 126[0m
[0mPUT /client/update/2 [31m500[0m 2360.604 ms - 697[0m
[0mPUT /client/update/2 [32m200[0m 2025.091 ms - 99[0m
[0mPUT /client/update/2 [32m200[0m 2822.967 ms - 99[0m
[0mPUT /client/update/2 [31m500[0m 1966.328 ms - 697[0m
[0mPUT /client/update/2 [31m500[0m 1907.882 ms - 697[0m
[0mPUT /client/update/2 [31m500[0m 2228.514 ms - 686[0m
[0mGET /client/get [32m200[0m 1584.891 ms - 341[0m
[0mGET /client/get [32m200[0m 2690.891 ms - 341[0m
[0mGET /client/get [32m200[0m 321.126 ms - 341[0m
[0mGET /client/get [32m200[0m 4702.272 ms - 341[0m
[0mGET /client/get [32m200[0m 1610.819 ms - 341[0m
[0mGET /client/get [32m200[0m 3259.072 ms - 341[0m
[0mGET /client/get [32m200[0m 1560.870 ms - 341[0m
[0mPUT /client/update/2 [31m500[0m 2411.902 ms - 697[0m
[0mPOST /client/add [32m200[0m 2817.787 ms - 71[0m
[0mPUT /client/update/22 [31m500[0m 498.587 ms - 697[0m
[0mPOST /client/add [31m500[0m 2633.273 ms - 369[0m
[0mPUT /client/update/undefined [31m500[0m 17.852 ms - 695[0m
[0mPOST /client/add [31m500[0m 1847.257 ms - 369[0m
[0mPUT /client/update/undefined [31m500[0m 8.888 ms - 695[0m
[0mPOST /client/add [32m200[0m 2030.580 ms - 72[0m
[0mPUT /client/update/25 [31m500[0m 535.250 ms - 697[0m
[0mPUT /client/update/undefined [31m500[0m 1419.912 ms - 695[0m
[0mPUT /client/update/undefined [31m500[0m 2275.854 ms - 695[0m
[0mPUT /client/update/undefined [31m500[0m 2255.974 ms - 688[0m
[0mPUT /client/update/undefined [31m500[0m 1386.593 ms - 688[0m
[0mPUT /client/update/5 [32m200[0m 2172.678 ms - 98[0m
[0mPUT /client/update/5 [32m200[0m 2243.634 ms - 98[0m
[0mPUT /client/update/5 [32m200[0m 2508.240 ms - 98[0m
[0mPOST /client/add [32m200[0m 1926.259 ms - 71[0m
[0mPUT /client/update/26 [31m500[0m 562.856 ms - 409[0m
[0mPOST /client/add [31m500[0m 2545.062 ms - 369[0m
[0mGET /client/get [32m200[0m 166.234 ms - 563[0m
[0mPUT /client/update/undefined [31m500[0m 8.501 ms - 688[0m
[0mDELETE /client/delete/undefined [31m500[0m 2.925 ms - 487[0m
[0mPOST /client/add [32m200[0m 2774.283 ms - 72[0m
[0mGET /client/get [32m200[0m 182.987 ms - 636[0m
[0mPUT /client/update/28 [31m500[0m 513.267 ms - 409[0m
[0mDELETE /client/delete/28 [32m200[0m 625.453 ms - 127[0m
[0mPOST /client/add [32m200[0m 1965.312 ms - 72[0m
[0mPUT /client/update/29 [31m500[0m 544.403 ms - 409[0m
[0mGET /client/get [32m200[0m 196.284 ms - 636[0m
[0mDELETE /client/delete/29 [32m200[0m 687.197 ms - 127[0m
[0mPOST /client/add [32m200[0m 2807.649 ms - 72[0m
[0mGET /client/get [32m200[0m 231.287 ms - 636[0m
[0mPUT /client/update/30 [31m500[0m 586.849 ms - 409[0m
[0mDELETE /client/delete/30 [32m200[0m 1043.333 ms - 127[0m
[0mPOST /client/add [32m200[0m 1954.295 ms - 72[0m
[0mGET /client/get [32m200[0m 186.406 ms - 636[0m
[0mPUT /client/update/31 [31m500[0m 554.272 ms - 409[0m
[0mDELETE /client/delete/31 [32m200[0m 706.622 ms - 127[0m
[0mPOST /client/add [32m200[0m 2031.993 ms - 72[0m
[0mGET /client/get [32m200[0m 199.673 ms - 636[0m
[0mPUT /client/update/32 [31m500[0m 523.086 ms - 409[0m
[0mDELETE /client/delete/32 [32m200[0m 650.165 ms - 127[0m
[0mGET /client/get [32m200[0m 2500.454 ms - 563[0m
[0mPUT /client/update/undefined [31m500[0m 29.296 ms - 688[0m
[0mDELETE /client/delete/undefined [31m500[0m 5.820 ms - 487[0m
[0mPOST /client/add [32m200[0m 1973.925 ms - 72[0m
[0mGET /client/get [32m200[0m 189.542 ms - 636[0m
[0mPUT /client/update/33 [31m500[0m 551.511 ms - 409[0m
[0mDELETE /client/delete/33 [32m200[0m 653.377 ms - 127[0m
[0mPOST /client/add [32m200[0m 2177.846 ms - 72[0m
[0mGET /client/get [32m200[0m 196.205 ms - 636[0m
[0mPUT /client/update/34 [31m500[0m 635.064 ms - 409[0m
[0mDELETE /client/delete/34 [32m200[0m 687.797 ms - 127[0m
[0mGET /client/get [32m200[0m 3328.708 ms - 563[0m
[0mPUT /client/update/undefined [31m500[0m 29.179 ms - 688[0m
[0mDELETE /client/delete/undefined [31m500[0m 4.797 ms - 487[0m
[0mPOST /client/add [32m200[0m 2776.622 ms - 72[0m
[0mGET /client/get [32m200[0m 175.118 ms - 636[0m
[0mPUT /client/update/35 [31m500[0m 536.392 ms - 409[0m
[0mDELETE /client/delete/35 [32m200[0m 637.559 ms - 127[0m
[0mPOST /client/add [32m200[0m 1949.367 ms - 72[0m
[0mGET /client/get [32m200[0m 175.888 ms - 636[0m
[0mPOST /client/add [31m500[0m 2655.501 ms - 369[0m
[0mGET /client/get [32m200[0m 177.157 ms - 636[0m
[0mPUT /client/update/undefined [31m500[0m 8.468 ms - 688[0m
[0mDELETE /client/delete/undefined [31m500[0m 2.944 ms - 487[0m
[0mPOST /client/add [31m500[0m 2249.093 ms - 369[0m
[0mGET /client/get [32m200[0m 303.763 ms - 636[0m
[0mDELETE /client/delete/undefined [31m500[0m 13.373 ms - 487[0m
[0mPOST /client/add [31m500[0m 2247.686 ms - 369[0m
[0mGET /client/get [32m200[0m 383.849 ms - 636[0m
[0mDELETE /client/delete/undefined [31m500[0m 13.156 ms - 487[0m
[0mPOST /client/add [32m200[0m 2503.198 ms - 71[0m
[0mGET /client/get [32m200[0m 193.809 ms - 708[0m
[0mDELETE /client/delete/40 [32m200[0m 755.048 ms - 126[0m
[0mGET /api-docs [33m404[0m 9.769 ms - 36[0m
[0mGET / [36m304[0m 4.012 ms - -[0m
[0mGET /api-docs [33m404[0m 0.641 ms - 36[0m
[0mGET /v1/api-docs [33m404[0m 0.447 ms - 36[0m
[0mGET /api/v1/docs [36m301[0m 2.827 ms - 189[0m
[0mGET /api/v1/docs/ [32m200[0m 2.720 ms - 3106[0m
[0mGET /api/v1/docs/swagger-ui-init.js [32m200[0m 0.373 ms - 1721[0m
[0mGET /api/v1/docs/swagger-ui.css [32m200[0m 6.915 ms - 145206[0m
[0mGET /api/v1/docs/swagger-ui-standalone-preset.js [32m200[0m 7.499 ms - 322863[0m
[0mGET /api/v1/docs/swagger-ui-bundle.js [32m200[0m 9.508 ms - 1046583[0m
[0mGET /api/v1/docs/favicon-32x32.png [32m200[0m 4.998 ms - 628[0m
[0mGET /api/v1/docs/ [36m304[0m 1.431 ms - -[0m
[0mGET /api/v1/docs/swagger-ui.css [36m304[0m 1.210 ms - -[0m
[0mGET /api/v1/docs/swagger-ui-init.js [36m304[0m 0.373 ms - -[0m
[0mGET /api/v1/docs/swagger-ui-bundle.js [36m304[0m 3.620 ms - -[0m
[0mGET /api/v1/docs/swagger-ui-standalone-preset.js [36m304[0m 3.137 ms - -[0m
[0mGET /api/v1/docs/favicon-32x32.png [36m304[0m 1.716 ms - -[0m
[0mGET /api/v1/docs/ [32m200[0m 6.244 ms - 3106[0m
[0mGET /api/v1/docs/swagger-ui.css [32m200[0m 6.536 ms - 145206[0m
[0mGET /api/v1/docs/swagger-ui-init.js [32m200[0m 0.438 ms - 1721[0m
[0mGET /api/v1/docs/swagger-ui-standalone-preset.js [32m200[0m 6.152 ms - 322863[0m
[0mGET /api/v1/docs/swagger-ui-bundle.js [32m200[0m 6.389 ms - 1046583[0m
[0mGET /api/v1/docs/favicon-32x32.png [32m200[0m 0.993 ms - 628[0m
[0mGET / [32m200[0m 1.055 ms - 44[0m
[0mGET /api/v1/docs/ [36m304[0m 1.221 ms - -[0m
[0mGET /api/v1/docs/swagger-ui.css [36m304[0m 1.771 ms - -[0m
[0mGET /api/v1/docs/swagger-ui-bundle.js [36m304[0m 2.253 ms - -[0m
[0mGET /api/v1/docs/swagger-ui-init.js [36m304[0m 0.436 ms - -[0m
[0mGET /api/v1/docs/swagger-ui-standalone-preset.js [36m304[0m 2.883 ms - -[0m
[0mGET /api/v1/docs/ [36m304[0m 6.883 ms - -[0m
[0mGET /api/v1/docs/swagger-ui.css [36m304[0m 3.103 ms - -[0m
[0mGET /api/v1/docs/swagger-ui-init.js [32m200[0m 0.980 ms - 2285[0m
[0mGET /api/v1/docs/swagger-ui-bundle.js [36m304[0m 12.932 ms - -[0m
[0mGET /api/v1/docs/swagger-ui-standalone-preset.js [36m304[0m 7.444 ms - -[0m
[0mGET /api/v1/docs/favicon-32x32.png [36m304[0m 0.883 ms - -[0m
[0mGET /api/v1/docs/ [36m304[0m 6.308 ms - -[0m
[0mGET /api/v1/docs/swagger-ui.css [36m304[0m 2.587 ms - -[0m
[0mGET /api/v1/docs/swagger-ui-bundle.js [36m304[0m 2.618 ms - -[0m
[0mGET /api/v1/docs/swagger-ui-init.js [32m200[0m 0.678 ms - 2885[0m
[0mGET /api/v1/docs/swagger-ui-standalone-preset.js [36m304[0m 5.109 ms - -[0m
[0mGET /api/v1/docs/favicon-32x32.png [36m304[0m 1.503 ms - -[0m
[0mGET /client [33m404[0m 1.278 ms - 36[0m
[0mGET /api/v1/docs/ [36m304[0m 9.291 ms - -[0m
[0mGET /api/v1/docs/swagger-ui.css [36m304[0m 2.823 ms - -[0m
[0mGET /api/v1/docs/swagger-ui-bundle.js [36m304[0m 2.289 ms - -[0m
[0mGET /api/v1/docs/swagger-ui-init.js [32m200[0m 0.858 ms - 2916[0m
[0mGET /api/v1/docs/swagger-ui-standalone-preset.js [36m304[0m 9.369 ms - -[0m
[0mGET /api/v1/docs/favicon-32x32.png [36m304[0m 1.306 ms - -[0m
[0mGET /client/get [32m200[0m 2934.278 ms - 636[0m
[0mGET /api/v1/docs/ [36m304[0m 10.587 ms - -[0m
[0mGET /api/v1/docs/swagger-ui.css [36m304[0m 2.692 ms - -[0m
[0mGET /api/v1/docs/swagger-ui-init.js [32m200[0m 0.922 ms - 5913[0m
[0mGET /api/v1/docs/swagger-ui-bundle.js [36m304[0m 5.219 ms - -[0m
[0mGET /api/v1/docs/swagger-ui-standalone-preset.js [36m304[0m 4.628 ms - -[0m
[0mGET /api/v1/docs/favicon-32x32.png [36m304[0m 1.920 ms - -[0m
[0mPOST /client/add [31m500[0m 2324.517 ms - 656[0m
[0mGET /api/v1/docs/ [36m304[0m 6.395 ms - -[0m
[0mGET /api/v1/docs/swagger-ui.css [36m304[0m 2.855 ms - -[0m
[0mGET /api/v1/docs/swagger-ui-bundle.js [36m304[0m 2.517 ms - -[0m
[0mGET /api/v1/docs/swagger-ui-init.js [32m200[0m 0.523 ms - 6033[0m
[0mGET /api/v1/docs/swagger-ui-standalone-preset.js [36m304[0m 4.139 ms - -[0m
[0mGET /api/v1/docs/favicon-32x32.png [36m304[0m 1.301 ms - -[0m
[0mPOST /client/add [31m500[0m 1409.227 ms - 676[0m
[0mGET / [32m200[0m 4.435 ms - 44[0m
[0mGET /api/v1/docs/ [36m304[0m 5.245 ms - -[0m
[0mGET /api/v1/docs/swagger-ui.css [36m304[0m 2.782 ms - -[0m
[0mGET /api/v1/docs/swagger-ui-bundle.js [36m304[0m 4.367 ms - -[0m
[0mGET /api/v1/docs/swagger-ui-standalone-preset.js [36m304[0m 1.583 ms - -[0m
[0mGET /api/v1/docs/swagger-ui-init.js [36m304[0m 0.670 ms - -[0m
[0mGET /client [33m404[0m 4.153 ms - 36[0m
[0mGET /api/v1/docs/ [36m304[0m 12.982 ms - -[0m
[0mGET /api/v1/docs/swagger-ui.css [36m304[0m 3.483 ms - -[0m
[0mGET /api/v1/docs/swagger-ui-bundle.js [36m304[0m 1.955 ms - -[0m
[0mGET /api/v1/docs/swagger-ui-init.js [32m200[0m 0.885 ms - 6037[0m
[0mGET /api/v1/docs/swagger-ui-standalone-preset.js [36m304[0m 5.893 ms - -[0m
[0mGET /api/v1/docs/favicon-32x32.png [36m304[0m 1.052 ms - -[0m
[0mGET /api/v1/docs/ [36m304[0m 17.148 ms - -[0m
[0mGET /api/v1/docs/swagger-ui.css [36m304[0m 4.073 ms - -[0m
[0mGET /api/v1/docs/swagger-ui-init.js [32m200[0m 1.105 ms - 6044[0m
[0mGET /api/v1/docs/swagger-ui-bundle.js [36m304[0m 7.101 ms - -[0m
[0mGET /api/v1/docs/swagger-ui-standalone-preset.js [36m304[0m 5.959 ms - -[0m
[0mGET /api/v1/docs/favicon-32x32.png [36m304[0m 1.273 ms - -[0m
[0mPOST /client/add [31m500[0m 3658.810 ms - 676[0m
[0mGET /api/v1/docs/ [36m304[0m 15.893 ms - -[0m
[0mGET /api/v1/docs/swagger-ui.css [36m304[0m 3.615 ms - -[0m
[0mGET /api/v1/docs/swagger-ui-bundle.js [36m304[0m 8.882 ms - -[0m
[0mGET /api/v1/docs/swagger-ui-standalone-preset.js [36m304[0m 6.175 ms - -[0m
[0mGET /api/v1/docs/swagger-ui-init.js [32m200[0m 1.485 ms - 6045[0m
[0mGET /api/v1/docs/favicon-32x32.png [36m304[0m 0.728 ms - -[0m
[0mPOST /client/add [32m200[0m 2561.950 ms - 51[0m
[0mGET /client/get [32m200[0m 297.332 ms - 688[0m
[0mPUT /client/update/1 [31m500[0m 691.404 ms - 483[0m
[0mPUT /client/update/1 [31m500[0m 377.257 ms - 483[0m
[0mPUT /client/update/1 [33m400[0m 5.079 ms - 67[0m
[0mPUT /client/update/1 [33m400[0m 1.917 ms - 67[0m
[0mPUT /client/update/1 [31m500[0m 481.195 ms - 483[0m
[0mPUT /client/update/1 [31m500[0m 617.664 ms - 483[0m
[0mPUT /client/update/2 [31m500[0m 826.359 ms - 409[0m
[0mPUT /client/update/2 [32m200[0m 1151.968 ms - 82[0m
[0mPUT /client/update/2 [31m500[0m 520.114 ms - 406[0m
[0mDELETE /client/delete/2 [32m200[0m 1389.567 ms - 109[0m
[0mGET / [32m200[0m 4.869 ms - 44[0m
[0mGET /HNAP1/ [33m404[0m 1.058 ms - 36[0m
[0mGET /requested.html [33m404[0m 0.350 ms - 36[0m
[0mDELETE /client/delete/0 [33m404[0m 7.612 ms - 36[0m
[0mDELETE /client/delete/5 [33m404[0m 1.555 ms - 36[0m
[0mDELETE /client/delete/5 [33m404[0m 0.952 ms - 36[0m
[0mDELETE /client/delete/6 [33m404[0m 1.248 ms - 36[0m
[0mDELETE /client/delete/6 [33m404[0m 1.108 ms - 36[0m
[0mPOST /client/add [31m500[0m 2999.544 ms - 35[0m
[0mPOST /client/add [32m200[0m 625.168 ms - 62[0m
[0mGET /client/get [32m200[0m 289.774 ms - 786[0m
[0mPUT /client/update/20 [32m200[0m 882.861 ms - 83[0m
[0mDELETE /client/delete/20 [33m404[0m 2.812 ms - 36[0m
[0mDELETE /client/delete/5 [33m404[0m 1.221 ms - 36[0m
[0mDELETE /client/delete/45 [33m404[0m 0.566 ms - 36[0m
[0mDELETE /client/delete/45 [33m404[0m 0.863 ms - 36[0m
[0mDELETE /client/delete/14 [33m404[0m 1.716 ms - 36[0m
[0mDELETE /client/delete/14 [33m404[0m 1.196 ms - 36[0m
[0mDELETE /client/delete/2 [33m404[0m 1.052 ms - 36[0m
[0mDELETE /client/delete/2 [32m200[0m 2336.384 ms - 110[0m
[0mPOST /client/add [32m200[0m 1901.470 ms - 71[0m
[0mGET /client/get [32m200[0m 212.603 ms - 795[0m
[0mDELETE /client/delete/46 [32m200[0m 825.212 ms - 126[0m
